<?xml version="1.0" encoding="UTF-8"?>
<testsuite xmlns:xsi="http://www.w3.org/2001/XMLSchema-instance" xsi:noNamespaceSchemaLocation="https://maven.apache.org/surefire/maven-surefire-plugin/xsd/surefire-test-report-3.0.xsd" version="3.0" name="com.endava.tmd.soj.junit5.p01.ComputationUtilsTest" time="0.025" tests="7" errors="0" skipped="0" failures="0">
  <properties>
[...]
</properties>
  <testcase name="zeroShouldNotChangeZero" classname="com.endava.tmd.soj.junit5.p01.ComputationUtilsTest" time="0.013"/>
  <testcase name="zeroShouldNotChangePositive" classname="com.endava.tmd.soj.junit5.p01.ComputationUtilsTest" time="0"/>
  <testcase name="zeroShouldNotChangeNegative" classname="com.endava.tmd.soj.junit5.p01.ComputationUtilsTest" time="0"/>
  <testcase name="oneBigNegativeAndOneSmallPositiveNumberShouldHaveAbsoluteValuesSubtractedAndNegativeResult" classname="com.endava.tmd.soj.junit5.p01.ComputationUtilsTest" time="0"/>
  <testcase name="oneSmallNegativeAndOneBigPositiveNumberShouldHaveAbsoluteValuesSubtractedAndPositiveResult" classname="com.endava.tmd.soj.junit5.p01.ComputationUtilsTest" time="0.001"/>
  <testcase name="twoPositiveNumbersShouldHaveAbsoluteValuesAddedAndPositiveResult" classname="com.endava.tmd.soj.junit5.p01.ComputationUtilsTest" time="0"/>
  <testcase name="twoNegativeNumbersShouldHaveAbsoluteValuesAddedAndNegativeResult" classname="com.endava.tmd.soj.junit5.p01.ComputationUtilsTest" time="0"/>
</testsuite>